22-05-30 13:48:19.6278659 pid:17692 tid:1 sqltools Critical: 0 : An unhandled exception occurred: System.OutOfMemoryException: Exception of type 'System.OutOfMemoryException' was thrown.
   at Microsoft.SqlServer.Management.Assessment.Configuration.Json.CheckModificationConverter.ReadReplaceItemChange[TValue](JsonReader reader, JsonSerializer serializer, IChangeAccessor`2 accessor)
   at Microsoft.SqlServer.Management.Assessment.Configuration.Json.CheckModificationConverter.ReadChange(JsonReader reader, JsonSerializer serializer)
   at Microsoft.SqlServer.Management.Assessment.Configuration.Json.CheckModificationConverter.ReadJson(JsonReader reader, Type objectType, CheckRule existingValue, Boolean hasExistingValue, JsonSerializer serializer)
   at Microsoft.SqlServer.Management.Assessment.Configuration.Json.JsonConverter`1.ReadJson(JsonReader reader, Type objectType, Object existingValue, JsonSerializer serializer)
   at Newtonsoft.Json.Serialization.JsonSerializerInternalReader.DeserializeConvertable(JsonConverter converter, JsonReader reader, Type objectType, Object existingValue)
   at Newtonsoft.Json.Serialization.JsonSerializerInternalReader.PopulateList(IList list, JsonReader reader, JsonArrayContract contract, JsonProperty containerProperty, String id)
   at Newtonsoft.Json.Serialization.JsonSerializerInternalReader.CreateList(JsonReader reader, Type objectType, JsonContract contract, JsonProperty member, Object existingValue, String id)
   at Newtonsoft.Json.Serialization.JsonSerializerInternalReader.CreateValueInternal(JsonReader reader, Type objectType, JsonContract contract, JsonProperty member, JsonContainerContract containerContract, JsonProperty containerMember, Object existingValue)
   at Newtonsoft.Json.Serialization.JsonSerializerInternalReader.SetPropertyValue(JsonProperty property, JsonConverter propertyConverter, JsonContainerContract containerContract, JsonProperty containerProperty, JsonReader reader, Object target)
   at Newtonsoft.Json.Serialization.JsonSerializerInternalReader.PopulateObject(Object newObject, JsonReader reader, JsonObjectContract contract, JsonProperty member, String id)
   at Newtonsoft.Json.Serialization.JsonSerializerInternalReader.CreateObject(JsonReader reader, Type objectType, JsonContract contract, JsonProperty member, JsonContainerContract containerContract, JsonProperty containerMember, Object existingValue)
   at Newtonsoft.Json.Serialization.JsonSerializerInternalReader.CreateValueInternal(JsonReader reader, Type objectType, JsonContract contract, JsonProperty member, JsonContainerContract containerContract, JsonProperty containerMember, Object existingValue)
   at Newtonsoft.Json.Serialization.JsonSerializerInternalReader.Deserialize(JsonReader reader, Type objectType, Boolean checkAdditionalContent)
   at Newtonsoft.Json.JsonSerializer.DeserializeInternal(JsonReader reader, Type objectType)
   at Newtonsoft.Json.JsonSerializer.Deserialize(JsonReader reader, Type objectType)
   at Newtonsoft.Json.JsonSerializer.Deserialize[T](JsonReader reader)
   at Microsoft.SqlServer.Management.Assessment.Engine.LoadRuleFactoryJson(JsonTextReader reader)
   at Microsoft.SqlServer.Management.Assessment.Engine.LoadRuleFactoryJson(TextReader textReader)
   at Microsoft.SqlServer.Management.Assessment.Engine.PushRuleFactoryJson(TextReader textReader, String alias)
   at Microsoft.SqlServer.Management.Assessment.Engine.LoadJsonConfig()
   at Microsoft.SqlServer.Management.Assessment.Engine..ctor()
   at Microsoft.SqlTools.ServiceLayer.SqlAssessment.SqlAssessmentService..ctor() in D:\a\_work\1\s\src\Microsoft.SqlTools.ServiceLayer\SqlAssessment\SqlAssessmentService.cs:line 72
   at Microsoft.SqlTools.ServiceLayer.SqlAssessment.SqlAssessmentService.<>c.<.cctor>b__33_0() in D:\a\_work\1\s\src\Microsoft.SqlTools.ServiceLayer\SqlAssessment\SqlAssessmentService.cs:line 44
   at System.Lazy`1.ViaFactory(LazyThreadSafetyMode mode)
   at System.Lazy`1.ExecutionAndPublication(LazyHelper executionAndPublication, Boolean useDefaultConstructor)
   at System.Lazy`1.CreateVa